<?xml version="1.0" encoding="UTF-8"?>
<testng-results ignored="0" total="1" passed="1" failed="0" skipped="0">
  <reporter-output>
  </reporter-output>
  <suite started-at="2022-03-08T16:27:50 EST" name="Default suite" finished-at="2022-03-08T16:27:53 EST" duration-ms="2856">
    <groups>
    </groups>
    <test started-at="2022-03-08T16:27:50 EST" name="Default test" finished-at="2022-03-08T16:27:53 EST" duration-ms="2856">
      <class name="AutomDress.User_register">
        <test-method signature="url_open()[pri:0, instance:AutomDress.User_register@75504cef]" started-at="2022-03-08T16:27:50 EST" name="url_open" finished-at="2022-03-08T16:27:53 EST" duration-ms="2805" status="PASS">
          <reporter-output>
          </reporter-output>
        </test-method> <!-- url_open -->
      </class> <!-- AutomDress.User_register -->
    </test> <!-- Default test -->
  </suite> <!-- Default suite -->
</testng-results>
